Min:
0 / 10:  0.617447154743158
1 / 10:  0.7079019273762083
2 / 10:  0.7332982118619715
3 / 10:  0.7544499287640324
4 / 10:  0.7760178179015551
5 / 10:  0.798877044890526
6 / 10:  0.8346648848975794
7 / 10:  0.8597575971764869
8 / 10:  0.8934435629251612
9 / 10:  0.934346685094234
10 / 10:  1.0502419872856639

Mean:
0 / 10:  0.6846145411143743
1 / 10:  0.778997715680054
2 / 10:  0.8011248198312799
3 / 10:  0.8234251717531396
4 / 10:  0.8461294714231269
5 / 10:  0.8658597358883917
6 / 10:  0.8961286713793072
7 / 10:  0.9259525509736314
8 / 10:  0.9680661198788819
9 / 10:  1.0179310666308066
10 / 10:  1.1275484875429556

Max:
0 / 10:  0.7478434747818137
1 / 10:  0.8487392504527951
2 / 10:  0.8740105950187267
3 / 10:  0.8955196936768526
4 / 10:  0.9130961901163883
5 / 10:  0.9325524914348405
6 / 10:  0.9659836847794175
7 / 10:  1.0041367780219188
8 / 10:  1.0424249324312536
9 / 10:  1.111390127550164
10 / 10:  1.2593498564883079

============================= JOB FEEDBACK =============================

NodeName=uc2n361
Job ID: 20152300
Cluster: uc2
User/Group: yc5412/anthropomatik
State: COMPLETED (exit code 0)
Nodes: 1
Cores per node: 2
CPU Utilized: 00:06:31
CPU Efficiency: 80.79% of 00:08:04 core-walltime
Job Wall-clock time: 00:04:02
Memory Utilized: 591.43 MB
Memory Efficiency: 26.29% of 2.20 GB
