Exception
Scenes with 3 objects: 9841
Scenes with 4 objects: 57207
Scenes with 6 objects: 12553
Scenes with 5 objects: 50995
Scenes with 7 objects: 2392
Scenes with 9 objects: 947

============================= JOB FEEDBACK =============================

NodeName=uc2n522
Job ID: 20014821
Array Job ID: 20014821_0
Cluster: uc2
User/Group: yc5412/anthropomatik
State: COMPLETED (exit code 0)
Nodes: 1
Cores per node: 2
CPU Utilized: 00:36:33
CPU Efficiency: 92.53% of 00:39:30 core-walltime
Job Wall-clock time: 00:19:45
Memory Utilized: 1.28 GB
Memory Efficiency: 58.19% of 2.20 GB
