Mean:  58.448091076921706
0 - 10:  53.63628763550403
1 - 10:  55.80951607172378
2 - 10:  56.55942323136876
3 - 10:  57.068274767004304
4 - 10:  57.56385299517175
5 - 10:  58.160399734534906
6 - 10:  58.75736203823386
7 - 10:  59.56064041522681
8 - 10:  60.52886473626949
9 - 10:  61.52943303098482
10 - 10:  65.20794319211619

============================= JOB FEEDBACK =============================

NodeName=uc2n521
Job ID: 19814495
Array Job ID: 19814495_0
Cluster: uc2
User/Group: yc5412/anthropomatik
State: COMPLETED (exit code 0)
Nodes: 1
Cores per node: 80
CPU Utilized: 00:06:01
CPU Efficiency: 5.79% of 01:44:00 core-walltime
Job Wall-clock time: 00:01:18
Memory Utilized: 568.89 MB
Memory Efficiency: 0.32% of 175.78 GB
